<?xml version="1.0" encoding="UTF-8"?>
<testng-results skipped="0" failed="0" ignored="0" total="1" passed="1">
  <reporter-output>
  </reporter-output>
  <suite name="Default suite" duration-ms="19811" started-at="2020-10-22T20:48:40 NZDT" finished-at="2020-10-22T20:49:00 NZDT">
    <groups>
    </groups>
    <test name="Default test" duration-ms="19811" started-at="2020-10-22T20:48:40 NZDT" finished-at="2020-10-22T20:49:00 NZDT">
      <class name="Qrious.QaTest.QaTest">
        <test-method status="PASS" signature="preRequsites()[pri:0, instance:Qrious.QaTest.QaTest@9660f4e]" name="preRequsites" is-config="true" duration-ms="6644" started-at="2020-10-22T20:48:40 NZDT" finished-at="2020-10-22T20:48:47 NZDT">
          <reporter-output>
          </reporter-output>
        </test-method> <!-- preRequsites -->
        <test-method status="PASS" signature="QaTest()[pri:0, instance:Qrious.QaTest.QaTest@9660f4e]" name="QaTest" duration-ms="12848" started-at="2020-10-22T20:48:47 NZDT" finished-at="2020-10-22T20:49:00 NZDT">
          <reporter-output>
          </reporter-output>
        </test-method> <!-- QaTest -->
        <test-method status="PASS" signature="finalStep()[pri:0, instance:Qrious.QaTest.QaTest@9660f4e]" name="finalStep" is-config="true" duration-ms="261" started-at="2020-10-22T20:49:00 NZDT" finished-at="2020-10-22T20:49:00 NZDT">
          <reporter-output>
          </reporter-output>
        </test-method> <!-- finalStep -->
      </class> <!-- Qrious.QaTest.QaTest -->
    </test> <!-- Default test -->
  </suite> <!-- Default suite -->
</testng-results>
